INFO:root:creating db
INFO:root:loading schema
INFO:root:loading test data
INFO:root:db exists
INFO:root:creating db
INFO:root:loading schema
INFO:root:table jugglers already exists
INFO:root:loading test data
INFO:root:no such table: jugglers
INFO:root:no such table: jugglers
INFO:root:no such table: jugglers
INFO:root:db exists
INFO:root:db exists
INFO:root:creating db
INFO:root:loading schema
INFO:root:loading test data
INFO:root:no such table: jugglers
INFO:root:no such table: jugglers
INFO:root:no such table: jugglers
INFO:root:creating db
INFO:root:loading schema
INFO:root:table jugglers already exists
INFO:root:loading test data
INFO:root:no such table: jugglers
INFO:root:no such table: jugglers
INFO:root:no such table: jugglers
INFO:root:creating db
INFO:root:loading schema
INFO:root:table jugglers already exists
INFO:root:loading test data
INFO:root:no such table: jugglers
INFO:root:no such table: jugglers
INFO:root:no such table: jugglers
INFO:root:creating db
INFO:root:loading schema
INFO:root:table jugglers already exists
INFO:root:loading test data
INFO:root:no such table: jugglers
INFO:root:no such table: jugglers
INFO:root:no such table: jugglers
INFO:root:creating db
INFO:root:loading schema
INFO:root:table jugglers already exists
INFO:root:loading test data
INFO:root:no such table: jugglers
INFO:root:no such table: jugglers
INFO:root:no such table: jugglers
INFO:root:creating db
INFO:root:loading schema
INFO:root:table jugglers already exists
INFO:root:loading test data
INFO:root:no such table: jugglers
INFO:root:no such table: jugglers
INFO:root:no such table: jugglers
INFO:root:creating db
INFO:root:loading schema
INFO:root:table jugglers already exists
INFO:root:loading test data
INFO:root:no such table: jugglers
INFO:root:no such table: jugglers
INFO:root:no such table: jugglers
INFO:root:creating db
INFO:root:loading schema
INFO:root:table jugglers already exists
INFO:root:loading test data
INFO:root:no such table: jugglers
INFO:root:no such table: jugglers
INFO:root:no such table: jugglers
INFO:root:creating db
INFO:root:loading schema
INFO:root:table jugglers already exists
INFO:root:loading test data
INFO:root:no such table: jugglers
INFO:root:no such table: jugglers
INFO:root:no such table: jugglers
INFO:root:creating db
INFO:root:loading schema
INFO:root:loading test data
INFO:root:no such table: jugglers
INFO:root:no such table: jugglers
INFO:root:no such table: jugglers
INFO:root:creating db
INFO:root:loading schema
INFO:root:table jugglers already exists
INFO:root:loading test data
INFO:root:no such table: jugglers
INFO:root:no such table: jugglers
INFO:root:no such table: jugglers
INFO:root:creating db
INFO:root:loading schema
INFO:root:table jugglers already exists
INFO:root:loading test data
INFO:root:no such table: jugglers
INFO:root:no such table: jugglers
INFO:root:no such table: jugglers
INFO:root:creating db
INFO:root:loading schema
INFO:root:table jugglers already exists
INFO:root:loading test data
INFO:root:no such table: jugglers
INFO:root:no such table: jugglers
INFO:root:no such table: jugglers
INFO:root:creating db
INFO:root:loading schema
INFO:root:table jugglers already exists
INFO:root:loading test data
INFO:root:no such table: jugglers
INFO:root:no such table: jugglers
INFO:root:no such table: jugglers
INFO:root:creating db
INFO:root:loading schema
INFO:root:table jugglers already exists
INFO:root:loading test data
INFO:root:no such table: jugglers
INFO:root:no such table: jugglers
INFO:root:no such table: jugglers
INFO:root:creating db
INFO:root:loading schema
INFO:root:table jugglers already exists
INFO:root:loading test data
INFO:root:no such table: jugglers
INFO:root:no such table: jugglers
INFO:root:no such table: jugglers
INFO:root:creating db
INFO:root:loading schema
INFO:root:table jugglers already exists
INFO:root:loading test data
INFO:root:no such table: jugglers
INFO:root:no such table: jugglers
INFO:root:no such table: jugglers
INFO:root:creating db
INFO:root:loading schema
INFO:root:table jugglers already exists
INFO:root:loading test data
INFO:root:no such table: jugglers
INFO:root:no such table: jugglers
INFO:root:no such table: jugglers
INFO:root:creating db
INFO:root:loading schema
INFO:root:table jugglers already exists
INFO:root:loading test data
INFO:root:no such table: jugglers
INFO:root:no such table: jugglers
INFO:root:no such table: jugglers
INFO:root:creating db
INFO:root:loading schema
INFO:root:table jugglers already exists
INFO:root:loading test data
INFO:root:no such table: jugglers
INFO:root:no such table: jugglers
INFO:root:no such table: jugglers
INFO:root:creating db
INFO:root:loading schema
INFO:root:table jugglers already exists
INFO:root:loading test data
INFO:root:no such table: jugglers
INFO:root:no such table: jugglers
INFO:root:no such table: jugglers
INFO:root:creating db
INFO:root:loading schema
INFO:root:table jugglers already exists
INFO:root:loading test data
INFO:root:no such table: jugglers
INFO:root:no such table: jugglers
INFO:root:no such table: jugglers
INFO:root:creating db
INFO:root:loading schema
INFO:root:table jugglers already exists
INFO:root:loading test data
INFO:root:no such table: jugglers
INFO:root:no such table: jugglers
INFO:root:no such table: jugglers
INFO:root:creating db
INFO:root:loading schema
INFO:root:table jugglers already exists
INFO:root:loading test data
INFO:root:no such table: jugglers
INFO:root:no such table: jugglers
INFO:root:no such table: jugglers
INFO:root:creating db
INFO:root:loading schema
INFO:root:table jugglers already exists
INFO:root:loading test data
INFO:root:no such table: jugglers
INFO:root:no such table: jugglers
INFO:root:no such table: jugglers
INFO:root:creating db
INFO:root:loading schema
INFO:root:table jugglers already exists
INFO:root:loading test data
INFO:root:no such table: jugglers
INFO:root:no such table: jugglers
INFO:root:no such table: jugglers
INFO:root:creating db
INFO:root:loading schema
INFO:root:table jugglers already exists
INFO:root:loading test data
INFO:root:no such table: jugglers
INFO:root:no such table: jugglers
INFO:root:no such table: jugglers
INFO:root:creating db
INFO:root:loading schema
INFO:root:loading test data
INFO:root:no such table: jugglers
INFO:root:no such table: jugglers
INFO:root:no such table: jugglers
INFO:root:creating db
INFO:root:loading schema
INFO:root:table jugglers already exists
INFO:root:loading test data
INFO:root:no such table: jugglers
INFO:root:no such table: jugglers
INFO:root:no such table: jugglers
INFO:root:creating db
INFO:root:loading schema
INFO:root:table jugglers already exists
INFO:root:loading test data
INFO:root:no such table: jugglers
INFO:root:no such table: jugglers
INFO:root:no such table: jugglers
INFO:root:creating db
INFO:root:loading schema
INFO:root:table jugglers already exists
INFO:root:loading test data
INFO:root:no such table: jugglers
INFO:root:no such table: jugglers
INFO:root:no such table: jugglers
INFO:root:creating db
INFO:root:loading schema
INFO:root:table jugglers already exists
INFO:root:loading test data
INFO:root:no such table: jugglers
INFO:root:no such table: jugglers
INFO:root:no such table: jugglers
INFO:root:creating db
INFO:root:loading schema
INFO:root:table jugglers already exists
INFO:root:loading test data
INFO:root:no such table: jugglers
INFO:root:no such table: jugglers
INFO:root:no such table: jugglers
INFO:root:creating db
INFO:root:loading schema
INFO:root:creating db
INFO:root:loading schema
INFO:root:creating db
INFO:root:loading schema
INFO:root:creating db
INFO:root:loading schema
INFO:root:creating db
INFO:root:loading schema
INFO:root:creating db
INFO:root:loading schema
INFO:root:creating db
INFO:root:loading schema
INFO:root:creating db
INFO:root:loading schema
INFO:root:creating db
INFO:root:loading schema
INFO:root:db exists
INFO:root:creating db
INFO:root:loading schema
INFO:root:db exists
INFO:root:creating db
INFO:root:loading schema
INFO:root:creating db
INFO:root:loading schema
INFO:root:creating db
INFO:root:loading schema
INFO:root:creating db
INFO:root:loading schema
